TN:
SF:app.js
FN:17,(anonymous_0)
FN:26,(anonymous_1)
FNF:2
FNH:2
FNDA:1,(anonymous_0)
FNDA:1,(anonymous_1)
DA:1,1
DA:2,1
DA:3,1
DA:5,1
DA:6,1
DA:9,1
DA:11,1
DA:14,1
DA:17,1
DA:18,1
DA:19,1
DA:20,1
DA:23,1
DA:26,1
DA:27,1
DA:30,0
DA:35,1
DA:36,0
DA:40,1
LF:19
LH:17
BRDA:9,0,0,1
BRDA:9,0,1,0
BRDA:35,1,0,0
BRDA:35,1,1,1
BRF:4
BRH:2
end_of_record
TN:
SF:database\config.js
FNF:0
FNH:0
DA:1,2
DA:3,2
DA:8,2
LF:3
LH:3
BRF:0
BRH:0
end_of_record
TN:
SF:database\models\Person.js
FNF:0
FNH:0
DA:1,1
DA:2,1
DA:4,1
DA:26,1
LF:4
LH:4
BRF:0
BRH:0
end_of_record
TN:
SF:routes\csvRoutes.js
FN:13,(anonymous_0)
FN:25,(anonymous_1)
FN:28,(anonymous_2)
FN:52,(anonymous_3)
FNF:4
FNH:4
FNDA:3,(anonymous_0)
FNDA:6,(anonymous_1)
FNDA:6,(anonymous_2)
FNDA:2,(anonymous_3)
DA:1,1
DA:2,1
DA:3,1
DA:4,1
DA:5,1
DA:7,1
DA:10,1
DA:13,1
DA:14,3
DA:15,3
DA:16,1
DA:19,2
DA:20,2
DA:22,2
DA:25,6
DA:29,6
DA:31,6
DA:33,6
DA:34,6
DA:35,6
DA:37,6
DA:38,4
DA:39,4
DA:40,4
DA:41,4
DA:43,0
DA:46,2
DA:49,0
DA:53,2
DA:54,1
DA:55,1
DA:60,1
DA:61,1
DA:62,1
DA:64,1
DA:68,0
DA:69,0
DA:75,0
DA:76,0
DA:80,1
DA:82,1
LF:41
LH:35
BRDA:15,0,0,1
BRDA:15,0,1,2
BRDA:37,1,0,4
BRDA:37,1,1,2
BRDA:37,2,0,6
BRDA:37,2,1,4
BRDA:37,2,2,4
BRDA:39,3,0,4
BRDA:39,3,1,0
BRDA:53,4,0,1
BRDA:53,4,1,1
BRF:11
BRH:10
end_of_record
TN:
SF:utils\processCsvRow.js
FN:1,processCsvRow
FNF:1
FNH:1
FNDA:2,processCsvRow
DA:2,2
DA:3,2
DA:4,2
DA:6,2
DA:7,2
DA:10,0
DA:13,1
LF:7
LH:6
BRDA:6,0,0,2
BRDA:6,0,1,0
BRDA:6,1,0,2
BRDA:6,1,1,0
BRDA:6,1,2,0
BRF:5
BRH:2
end_of_record
